Information: Updating design information... (UID-85)
Warning: Design 'tpu_top' contains 4 high-fanout nets. A fanout number of 1000 will be used for delay calculations involving these nets. (TIM-134)

Information: Checking generated_clocks...

Information: Checking loops...

Information: Checking no_input_delay...

Information: Checking unconstrained_endpoints...

Information: Checking pulse_clock_cell_type...

Information: Checking no_driving_cell...

Information: Checking partial_input_delay...
Warning: there are 130 input ports that only have partial input delay specified. (TIM-212)
--------------------
srstn
tpu_start
sram_rdata_w0[31]
sram_rdata_w0[30]
sram_rdata_w0[29]
sram_rdata_w0[28]
sram_rdata_w0[27]
sram_rdata_w0[26]
sram_rdata_w0[25]
sram_rdata_w0[24]
sram_rdata_w0[23]
sram_rdata_w0[22]
sram_rdata_w0[21]
sram_rdata_w0[20]
sram_rdata_w0[19]
sram_rdata_w0[18]
sram_rdata_w0[17]
sram_rdata_w0[16]
sram_rdata_w0[15]
sram_rdata_w0[14]
sram_rdata_w0[13]
sram_rdata_w0[12]
sram_rdata_w0[11]
sram_rdata_w0[10]
sram_rdata_w0[9]
sram_rdata_w0[8]
sram_rdata_w0[7]
sram_rdata_w0[6]
sram_rdata_w0[5]
sram_rdata_w0[4]
sram_rdata_w0[3]
sram_rdata_w0[2]
sram_rdata_w0[1]
sram_rdata_w0[0]
sram_rdata_w1[31]
sram_rdata_w1[30]
sram_rdata_w1[29]
sram_rdata_w1[28]
sram_rdata_w1[27]
sram_rdata_w1[26]
sram_rdata_w1[25]
sram_rdata_w1[24]
sram_rdata_w1[23]
sram_rdata_w1[22]
sram_rdata_w1[21]
sram_rdata_w1[20]
sram_rdata_w1[19]
sram_rdata_w1[18]
sram_rdata_w1[17]
sram_rdata_w1[16]
sram_rdata_w1[15]
sram_rdata_w1[14]
sram_rdata_w1[13]
sram_rdata_w1[12]
sram_rdata_w1[11]
sram_rdata_w1[10]
sram_rdata_w1[9]
sram_rdata_w1[8]
sram_rdata_w1[7]
sram_rdata_w1[6]
sram_rdata_w1[5]
sram_rdata_w1[4]
sram_rdata_w1[3]
sram_rdata_w1[2]
sram_rdata_w1[1]
sram_rdata_w1[0]
sram_rdata_d0[31]
sram_rdata_d0[30]
sram_rdata_d0[29]
sram_rdata_d0[28]
sram_rdata_d0[27]
sram_rdata_d0[26]
sram_rdata_d0[25]
sram_rdata_d0[24]
sram_rdata_d0[23]
sram_rdata_d0[22]
sram_rdata_d0[21]
sram_rdata_d0[20]
sram_rdata_d0[19]
sram_rdata_d0[18]
sram_rdata_d0[17]
sram_rdata_d0[16]
sram_rdata_d0[15]
sram_rdata_d0[14]
sram_rdata_d0[13]
sram_rdata_d0[12]
sram_rdata_d0[11]
sram_rdata_d0[10]
sram_rdata_d0[9]
sram_rdata_d0[8]
sram_rdata_d0[7]
sram_rdata_d0[6]
sram_rdata_d0[5]
sram_rdata_d0[4]
sram_rdata_d0[3]
sram_rdata_d0[2]
sram_rdata_d0[1]
sram_rdata_d0[0]
sram_rdata_d1[31]
sram_rdata_d1[30]
sram_rdata_d1[29]
sram_rdata_d1[28]
sram_rdata_d1[27]
sram_rdata_d1[26]
sram_rdata_d1[25]
sram_rdata_d1[24]
sram_rdata_d1[23]
sram_rdata_d1[22]
sram_rdata_d1[21]
sram_rdata_d1[20]
sram_rdata_d1[19]
sram_rdata_d1[18]
sram_rdata_d1[17]
sram_rdata_d1[16]
sram_rdata_d1[15]
sram_rdata_d1[14]
sram_rdata_d1[13]
sram_rdata_d1[12]
sram_rdata_d1[11]
sram_rdata_d1[10]
sram_rdata_d1[9]
sram_rdata_d1[8]
sram_rdata_d1[7]
sram_rdata_d1[6]
sram_rdata_d1[5]
sram_rdata_d1[4]
sram_rdata_d1[3]
sram_rdata_d1[2]
sram_rdata_d1[1]
sram_rdata_d1[0]
1
